<?xml version="1.0" encoding="UTF-8"?>
<!-- Generated by org.testng.reporters.JUnitReportReporter -->
<testsuite hostname="WIN-80GFNT9FVID" failures="0" tests="1" name="com.detyre.LoginTests" time="5.557" errors="0" timestamp="2024-05-19T13:06:26 CEST" skipped="0">
  <testcase classname="com.detyre.LoginTests" name="successfulLoginTest" time="5.557"/>
</testsuite> <!-- com.detyre.LoginTests -->
