<?xml version="1.0" encoding="UTF-8"?>
<!-- Generated by org.testng.reporters.JUnitReportReporter -->
<testsuite hostname="WIN-80GFNT9FVID" failures="0" tests="1" name="com.detyre.DashboardTest" time="21.948" errors="0" timestamp="2024-05-19T13:06:26 CEST" skipped="0">
  <testcase classname="com.detyre.DashboardTest" name="successfulDashboardTest" time="21.948"/>
</testsuite> <!-- com.detyre.DashboardTest -->
