<?xml version="1.0" encoding="UTF-8"?>
<!-- Generated by org.testng.reporters.JUnitReportReporter -->
<testsuite hostname="WIN-80GFNT9FVID" failures="0" tests="1" name="com.detyre.ShoppingCartTest" time="19.351" errors="0" timestamp="2024-05-19T13:06:26 CEST" skipped="0">
  <testcase classname="com.detyre.ShoppingCartTest" name="shoppingCartTest" time="19.351"/>
</testsuite> <!-- com.detyre.ShoppingCartTest -->
